<?xml version="1.0" encoding="UTF-8"?>
<!-- Generated by org.testng.reporters.JUnitXMLReporter -->
<testsuite ignored="0" hostname="CAPL-LT101" failures="3" tests="8" name="Test" time="395.31" errors="0" timestamp="2024-12-17T16:24:23 IST">
  <testcase classname="testCases.Admin.CarsManagement.TC001_AddModel" name="verify_CarManagement_AddModel" time="32.28">
    <failure type="org.openqa.selenium.ElementClickInterceptedException" message="element click intercepted: Element is not clickable at point (1093, 2650)
  (Session info: chrome=131.0.6778.140)
Build info: version: &amp;apos;4.27.0&amp;apos;, revision: &amp;apos;d6e718d134&amp;apos;
System info: os.name: &amp;apos;Windows 10&amp;apos;, os.arch: &amp;apos;amd64&amp;apos;, os.version: &amp;apos;10.0&amp;apos;, java.version: &amp;apos;22.0.2&amp;apos;
Driver info: org.openqa.selenium.chrome.ChromeDriver
Command: [d351143b49410d5119df0ffe60f76162, clickElement {id=f.F07F8E1164CF4BED958B1DD8BC4B59E5.d.A693DD7971C229689891A5620F366BEA.e.76}]
Capabilities {acceptInsecureCerts: false, browserName: chrome, browserVersion: 131.0.6778.140, chrome: {chromedriverVersion: 131.0.6778.108 (3b014839fbc..., userDataDir: C:\Users\JAYASH~1\AppData\L...}, fedcm:accounts: true, goog:chromeOptions: {debuggerAddress: localhost:59291}, networkConnectionEnabled: false, pageLoadStrategy: normal, platformName: windows, proxy: Proxy(), se:cdp: ws://localhost:59291/devtoo..., se:cdpVersion: 131.0.6778.140, setWindowRect: true, strictFileInteractability: false, timeouts: {implicit: 0, pageLoad: 300000, script: 30000}, unhandledPromptBehavior: dismiss and notify, webauthn:extension:credBlob: true, webauthn:extension:largeBlob: true, webauthn:extension:minPinLength: true, webauthn:extension:prf: true, webauthn:virtualAuthenticators: true}
Element: [[ChromeDriver: chrome on windows (d351143b49410d5119df0ffe60f76162)] -&amp;gt; xpath: //div[@class=&amp;apos;MuiDataGrid-row MuiDataGrid-row--lastVisible&amp;apos;]//button[@type=&amp;apos;button&amp;apos;][normalize-space()=&amp;apos;Edit&amp;apos;]]
Session ID: d351143b49410d5119df0ffe60f76162">
      <![CDATA[org.openqa.selenium.ElementClickInterceptedException: element click intercepted: Element is not clickable at point (1093, 2650)
  (Session info: chrome=131.0.6778.140)
Build info: version: '4.27.0', revision: 'd6e718d134'
System info: os.name: 'Windows 10', os.arch: 'amd64', os.version: '10.0', java.version: '22.0.2'
Driver info: org.openqa.selenium.chrome.ChromeDriver
Command: [d351143b49410d5119df0ffe60f76162, clickElement {id=f.F07F8E1164CF4BED958B1DD8BC4B59E5.d.A693DD7971C229689891A5620F366BEA.e.76}]
Capabilities {acceptInsecureCerts: false, browserName: chrome, browserVersion: 131.0.6778.140, chrome: {chromedriverVersion: 131.0.6778.108 (3b014839fbc..., userDataDir: C:\Users\JAYASH~1\AppData\L...}, fedcm:accounts: true, goog:chromeOptions: {debuggerAddress: localhost:59291}, networkConnectionEnabled: false, pageLoadStrategy: normal, platformName: windows, proxy: Proxy(), se:cdp: ws://localhost:59291/devtoo..., se:cdpVersion: 131.0.6778.140, setWindowRect: true, strictFileInteractability: false, timeouts: {implicit: 0, pageLoad: 300000, script: 30000}, unhandledPromptBehavior: dismiss and notify, webauthn:extension:credBlob: true, webauthn:extension:largeBlob: true, webauthn:extension:minPinLength: true, webauthn:extension:prf: true, webauthn:virtualAuthenticators: true}
Element: [[ChromeDriver: chrome on windows (d351143b49410d5119df0ffe60f76162)] -> xpath: //div[@class='MuiDataGrid-row MuiDataGrid-row--lastVisible']//button[@type='button'][normalize-space()='Edit']]
Session ID: d351143b49410d5119df0ffe60f76162
at org.openqa.selenium.remote.ErrorCodec.decode(ErrorCodec.java:167)
at org.openqa.selenium.remote.codec.w3c.W3CHttpResponseCodec.decode(W3CHttpResponseCodec.java:138)
at org.openqa.selenium.remote.codec.w3c.W3CHttpResponseCodec.decode(W3CHttpResponseCodec.java:50)
at org.openqa.selenium.remote.HttpCommandExecutor.execute(HttpCommandExecutor.java:190)
at org.openqa.selenium.remote.service.DriverCommandExecutor.invokeExecute(DriverCommandExecutor.java:216)
at org.openqa.selenium.remote.service.DriverCommandExecutor.execute(DriverCommandExecutor.java:174)
at org.openqa.selenium.remote.RemoteWebDriver.execute(RemoteWebDriver.java:545)
at org.openqa.selenium.remote.RemoteWebElement.execute(RemoteWebElement.java:223)
at org.openqa.selenium.remote.RemoteWebElement.click(RemoteWebElement.java:76)
at org.openqa.selenium.support.pagefactory.internal.LocatingElementHandler.invoke(LocatingElementHandler.java:51)
at jdk.proxy2/jdk.proxy2.$Proxy31.click(Unknown Source)
at pageObjects.Admin.CarsManagement.EditModelPage.ClickEditButton(EditModelPage.java:76)
at testCases.Admin.CarsManagement.TC001_AddModel.verify_CarManagement_AddModel(TC001_AddModel.java:32)
at java.base/java.util.ArrayList.forEach(ArrayList.java:1597)
... Removed 30 stack frames]]>
    </failure>
  </testcase> <!-- verify_CarManagement_AddModel -->
  <testcase classname="testCases.Admin.CarsManagement.TC002_AddVarient" name="verify_CarManagement_AddVarient" time="13.136">
    <failure type="org.openqa.selenium.ElementClickInterceptedException" message="element click intercepted: Element &amp;lt;li class=&amp;quot;MuiButtonBase-root MuiMenuItem-root MuiMenuItem-gutters MuiMenuItem-root MuiMenuItem-gutters css-kk1bwy-MuiButtonBase-root-MuiMenuItem-root&amp;quot; tabindex=&amp;quot;-1&amp;quot; role=&amp;quot;option&amp;quot; aria-selected=&amp;quot;false&amp;quot; data-value=&amp;quot;6697b7ab96e8f2710c11a4a4&amp;quot;&amp;gt;...&amp;lt;/li&amp;gt; is not clickable at point (810, 578). Other element would receive the click: &amp;lt;div aria-hidden=&amp;quot;true&amp;quot; class=&amp;quot;MuiBackdrop-root MuiBackdrop-invisible MuiModal-backdrop css-g3hgs1-MuiBackdrop-root-MuiModal-backdrop&amp;quot; style=&amp;quot;opacity: 1; transition: opacity 225ms cubic-bezier(0.4, 0, 0.2, 1);&amp;quot;&amp;gt;&amp;lt;/div&amp;gt;
  (Session info: chrome=131.0.6778.140)
Build info: version: &amp;apos;4.27.0&amp;apos;, revision: &amp;apos;d6e718d134&amp;apos;
System info: os.name: &amp;apos;Windows 10&amp;apos;, os.arch: &amp;apos;amd64&amp;apos;, os.version: &amp;apos;10.0&amp;apos;, java.version: &amp;apos;22.0.2&amp;apos;
Driver info: org.openqa.selenium.chrome.ChromeDriver
Command: [0a72c195be414bc2c534242622ffef2e, clickElement {id=f.1E5A7C0006BFB7F61709A2C98DC5BAE1.d.5530367D6BA406C4D15A69F21B3A597D.e.60}]
Capabilities {acceptInsecureCerts: false, browserName: chrome, browserVersion: 131.0.6778.140, chrome: {chromedriverVersion: 131.0.6778.108 (3b014839fbc..., userDataDir: C:\Users\JAYASH~1\AppData\L...}, fedcm:accounts: true, goog:chromeOptions: {debuggerAddress: localhost:59327}, networkConnectionEnabled: false, pageLoadStrategy: normal, platformName: windows, proxy: Proxy(), se:cdp: ws://localhost:59327/devtoo..., se:cdpVersion: 131.0.6778.140, setWindowRect: true, strictFileInteractability: false, timeouts: {implicit: 0, pageLoad: 300000, script: 30000}, unhandledPromptBehavior: dismiss and notify, webauthn:extension:credBlob: true, webauthn:extension:largeBlob: true, webauthn:extension:minPinLength: true, webauthn:extension:prf: true, webauthn:virtualAuthenticators: true}
Element: [[ChromeDriver: chrome on windows (0a72c195be414bc2c534242622ffef2e)] -&amp;gt; xpath: //li[normalize-space()=&amp;apos;Elantra&amp;apos;]]
Session ID: 0a72c195be414bc2c534242622ffef2e">
      <![CDATA[org.openqa.selenium.ElementClickInterceptedException: element click intercepted: Element <li class="MuiButtonBase-root MuiMenuItem-root MuiMenuItem-gutters MuiMenuItem-root MuiMenuItem-gutters css-kk1bwy-MuiButtonBase-root-MuiMenuItem-root" tabindex="-1" role="option" aria-selected="false" data-value="6697b7ab96e8f2710c11a4a4">...</li> is not clickable at point (810, 578). Other element would receive the click: <div aria-hidden="true" class="MuiBackdrop-root MuiBackdrop-invisible MuiModal-backdrop css-g3hgs1-MuiBackdrop-root-MuiModal-backdrop" style="opacity: 1; transition: opacity 225ms cubic-bezier(0.4, 0, 0.2, 1);"></div>
  (Session info: chrome=131.0.6778.140)
Build info: version: '4.27.0', revision: 'd6e718d134'
System info: os.name: 'Windows 10', os.arch: 'amd64', os.version: '10.0', java.version: '22.0.2'
Driver info: org.openqa.selenium.chrome.ChromeDriver
Command: [0a72c195be414bc2c534242622ffef2e, clickElement {id=f.1E5A7C0006BFB7F61709A2C98DC5BAE1.d.5530367D6BA406C4D15A69F21B3A597D.e.60}]
Capabilities {acceptInsecureCerts: false, browserName: chrome, browserVersion: 131.0.6778.140, chrome: {chromedriverVersion: 131.0.6778.108 (3b014839fbc..., userDataDir: C:\Users\JAYASH~1\AppData\L...}, fedcm:accounts: true, goog:chromeOptions: {debuggerAddress: localhost:59327}, networkConnectionEnabled: false, pageLoadStrategy: normal, platformName: windows, proxy: Proxy(), se:cdp: ws://localhost:59327/devtoo..., se:cdpVersion: 131.0.6778.140, setWindowRect: true, strictFileInteractability: false, timeouts: {implicit: 0, pageLoad: 300000, script: 30000}, unhandledPromptBehavior: dismiss and notify, webauthn:extension:credBlob: true, webauthn:extension:largeBlob: true, webauthn:extension:minPinLength: true, webauthn:extension:prf: true, webauthn:virtualAuthenticators: true}
Element: [[ChromeDriver: chrome on windows (0a72c195be414bc2c534242622ffef2e)] -> xpath: //li[normalize-space()='Elantra']]
Session ID: 0a72c195be414bc2c534242622ffef2e
at org.openqa.selenium.remote.ErrorCodec.decode(ErrorCodec.java:167)
at org.openqa.selenium.remote.codec.w3c.W3CHttpResponseCodec.decode(W3CHttpResponseCodec.java:138)
at org.openqa.selenium.remote.codec.w3c.W3CHttpResponseCodec.decode(W3CHttpResponseCodec.java:50)
at org.openqa.selenium.remote.HttpCommandExecutor.execute(HttpCommandExecutor.java:190)
at org.openqa.selenium.remote.service.DriverCommandExecutor.invokeExecute(DriverCommandExecutor.java:216)
at org.openqa.selenium.remote.service.DriverCommandExecutor.execute(DriverCommandExecutor.java:174)
at org.openqa.selenium.remote.RemoteWebDriver.execute(RemoteWebDriver.java:545)
at org.openqa.selenium.remote.RemoteWebElement.execute(RemoteWebElement.java:223)
at org.openqa.selenium.remote.RemoteWebElement.click(RemoteWebElement.java:76)
at org.openqa.selenium.support.pagefactory.internal.LocatingElementHandler.invoke(LocatingElementHandler.java:51)
at jdk.proxy2/jdk.proxy2.$Proxy31.click(Unknown Source)
at pageObjects.Admin.CarsManagement.VariantsPage.SelecModelVarName(VariantsPage.java:62)
at testCases.Admin.CarsManagement.TC002_AddVarient.verify_CarManagement_AddVarient(TC002_AddVarient.java:23)
at java.base/java.util.ArrayList.forEach(ArrayList.java:1597)
... Removed 30 stack frames]]>
    </failure>
  </testcase> <!-- verify_CarManagement_AddVarient -->
  <testcase classname="testCases.Admin.CarsManagement.TC013_AddTransmission" name="verify_CarManagement_AddTransmision" time="45.993"/>
  <testcase classname="testCases.Admin.CarsManagement.TC016_AddFuel" name="verify_CarManagement_AddTransmision" time="46.722"/>
  <testcase classname="testCases.Admin.CarsManagement.TC003_AddBodyType" name="verify_CarManagement_AddBodyType" time="41.467"/>
  <testcase classname="testCases.Admin.CarsManagement.TC004_AddColor" name="verify_CarManagement_AddColor" time="54.735"/>
  <testcase classname="testCases.Admin.CarsManagement.TC005_AddOwnership" name="verify_CarManagement_AddOwnership" time="6.267">
    <failure type="org.openqa.selenium.ElementClickInterceptedException" message="element click intercepted: Element &amp;lt;button class=&amp;quot;MuiButtonBase-root MuiButton-root MuiButton-contained MuiButton-containedPrimary MuiButton-sizeMedium MuiButton-containedSizeMedium MuiButton-colorPrimary MuiButton-root MuiButton-contained MuiButton-containedPrimary MuiButton-sizeMedium MuiButton-containedSizeMedium MuiButton-colorPrimary css-1t4o62d-MuiButtonBase-root-MuiButton-root&amp;quot; tabindex=&amp;quot;0&amp;quot; type=&amp;quot;button&amp;quot;&amp;gt;...&amp;lt;/button&amp;gt; is not clickable at point (1223, 469). Other element would receive the click: &amp;lt;div role=&amp;quot;presentation&amp;quot; class=&amp;quot;MuiDataGrid-cell MuiDataGrid-cellEmpty&amp;quot; style=&amp;quot;--width: 203.6875px;&amp;quot;&amp;gt;&amp;lt;/div&amp;gt;
  (Session info: chrome=131.0.6778.140)
Build info: version: &amp;apos;4.27.0&amp;apos;, revision: &amp;apos;d6e718d134&amp;apos;
System info: os.name: &amp;apos;Windows 10&amp;apos;, os.arch: &amp;apos;amd64&amp;apos;, os.version: &amp;apos;10.0&amp;apos;, java.version: &amp;apos;22.0.2&amp;apos;
Driver info: org.openqa.selenium.chrome.ChromeDriver
Command: [720eef4fd21fa5084e35676d5c07c15c, clickElement {id=f.0E40526610654E3F6063DE45E2BBFFBA.d.F973B3086912C8E6337084BDFC47C077.e.39}]
Capabilities {acceptInsecureCerts: false, browserName: chrome, browserVersion: 131.0.6778.140, chrome: {chromedriverVersion: 131.0.6778.108 (3b014839fbc..., userDataDir: C:\Users\JAYASH~1\AppData\L...}, fedcm:accounts: true, goog:chromeOptions: {debuggerAddress: localhost:59564}, networkConnectionEnabled: false, pageLoadStrategy: normal, platformName: windows, proxy: Proxy(), se:cdp: ws://localhost:59564/devtoo..., se:cdpVersion: 131.0.6778.140, setWindowRect: true, strictFileInteractability: false, timeouts: {implicit: 0, pageLoad: 300000, script: 30000}, unhandledPromptBehavior: dismiss and notify, webauthn:extension:credBlob: true, webauthn:extension:largeBlob: true, webauthn:extension:minPinLength: true, webauthn:extension:prf: true, webauthn:virtualAuthenticators: true}
Element: [[ChromeDriver: chrome on windows (720eef4fd21fa5084e35676d5c07c15c)] -&amp;gt; xpath: //button[normalize-space()=&amp;apos;Add Ownership&amp;apos;]]
Session ID: 720eef4fd21fa5084e35676d5c07c15c">
      <![CDATA[org.openqa.selenium.ElementClickInterceptedException: element click intercepted: Element <button class="MuiButtonBase-root MuiButton-root MuiButton-contained MuiButton-containedPrimary MuiButton-sizeMedium MuiButton-containedSizeMedium MuiButton-colorPrimary MuiButton-root MuiButton-contained MuiButton-containedPrimary MuiButton-sizeMedium MuiButton-containedSizeMedium MuiButton-colorPrimary css-1t4o62d-MuiButtonBase-root-MuiButton-root" tabindex="0" type="button">...</button> is not clickable at point (1223, 469). Other element would receive the click: <div role="presentation" class="MuiDataGrid-cell MuiDataGrid-cellEmpty" style="--width: 203.6875px;"></div>
  (Session info: chrome=131.0.6778.140)
Build info: version: '4.27.0', revision: 'd6e718d134'
System info: os.name: 'Windows 10', os.arch: 'amd64', os.version: '10.0', java.version: '22.0.2'
Driver info: org.openqa.selenium.chrome.ChromeDriver
Command: [720eef4fd21fa5084e35676d5c07c15c, clickElement {id=f.0E40526610654E3F6063DE45E2BBFFBA.d.F973B3086912C8E6337084BDFC47C077.e.39}]
Capabilities {acceptInsecureCerts: false, browserName: chrome, browserVersion: 131.0.6778.140, chrome: {chromedriverVersion: 131.0.6778.108 (3b014839fbc..., userDataDir: C:\Users\JAYASH~1\AppData\L...}, fedcm:accounts: true, goog:chromeOptions: {debuggerAddress: localhost:59564}, networkConnectionEnabled: false, pageLoadStrategy: normal, platformName: windows, proxy: Proxy(), se:cdp: ws://localhost:59564/devtoo..., se:cdpVersion: 131.0.6778.140, setWindowRect: true, strictFileInteractability: false, timeouts: {implicit: 0, pageLoad: 300000, script: 30000}, unhandledPromptBehavior: dismiss and notify, webauthn:extension:credBlob: true, webauthn:extension:largeBlob: true, webauthn:extension:minPinLength: true, webauthn:extension:prf: true, webauthn:virtualAuthenticators: true}
Element: [[ChromeDriver: chrome on windows (720eef4fd21fa5084e35676d5c07c15c)] -> xpath: //button[normalize-space()='Add Ownership']]
Session ID: 720eef4fd21fa5084e35676d5c07c15c
at org.openqa.selenium.remote.ErrorCodec.decode(ErrorCodec.java:167)
at org.openqa.selenium.remote.codec.w3c.W3CHttpResponseCodec.decode(W3CHttpResponseCodec.java:138)
at org.openqa.selenium.remote.codec.w3c.W3CHttpResponseCodec.decode(W3CHttpResponseCodec.java:50)
at org.openqa.selenium.remote.HttpCommandExecutor.execute(HttpCommandExecutor.java:190)
at org.openqa.selenium.remote.service.DriverCommandExecutor.invokeExecute(DriverCommandExecutor.java:216)
at org.openqa.selenium.remote.service.DriverCommandExecutor.execute(DriverCommandExecutor.java:174)
at org.openqa.selenium.remote.RemoteWebDriver.execute(RemoteWebDriver.java:545)
at org.openqa.selenium.remote.RemoteWebElement.execute(RemoteWebElement.java:223)
at org.openqa.selenium.remote.RemoteWebElement.click(RemoteWebElement.java:76)
at org.openqa.selenium.support.pagefactory.internal.LocatingElementHandler.invoke(LocatingElementHandler.java:51)
at jdk.proxy2/jdk.proxy2.$Proxy31.click(Unknown Source)
at pageObjects.Admin.CarsManagement.OwnershipPage.AddOwnership(OwnershipPage.java:41)
at testCases.Admin.CarsManagement.TC005_AddOwnership.verify_CarManagement_AddOwnership(TC005_AddOwnership.java:18)
at java.base/java.util.ArrayList.forEach(ArrayList.java:1597)
... Removed 30 stack frames]]>
    </failure>
  </testcase> <!-- verify_CarManagement_AddOwnership -->
  <testcase classname="testCases.Admin.CarsManagement.TC006_AddLocation" name="verify_CarManagement_AddLocation" time="89.331"/>
</testsuite> <!-- Test -->
